SF:c:\home\src\github\CaptainGinja\GinjaSoft.Text\src\ExceptionExtensions.cs
FN:16,System.String GinjaSoft.Text.ExceptionExtensions::ToPrettyString(System.Exception,System.Boolean,System.Boolean)
FNDA:8,System.String GinjaSoft.Text.ExceptionExtensions::ToPrettyString(System.Exception,System.Boolean,System.Boolean)
DA:17,8
DA:18,8
DA:19,16
DA:20,8
DA:21,15
DA:22,7
DA:23,7
DA:24,22
DA:25,7
DA:26,22
DA:27,37
DA:28,22
DA:29,22
DA:30,7
DA:31,13
DA:33,3
DA:34,3
DA:35,3
DA:37,3
DA:38,8
BRDA:19,10,0,8
BRDA:19,10,1,8
BRDA:21,61,0,7
BRDA:21,61,1,8
BRDA:31,134,0,5
BRDA:31,134,1,3
BRDA:27,19,0,15
BRDA:27,19,1,15
LF:20
LH:20
BRF:8
BRH:8
FNF:1
FNH:1
end_of_record
SF:c:\home\src\github\CaptainGinja\GinjaSoft.Text\src\StringExtensions.cs
FN:24,System.String GinjaSoft.Text.StringExtensions::_(System.String,System.Object[])
FNDA:336,System.String GinjaSoft.Text.StringExtensions::_(System.String,System.Object[])
DA:25,336
DA:26,0
DA:27,336
DA:28,336
BRDA:26,7,0,0
BRDA:26,7,1,336
FN:35,System.Boolean GinjaSoft.Text.StringExtensions::IsEmpty(System.String)
FNDA:72,System.Boolean GinjaSoft.Text.StringExtensions::IsEmpty(System.String)
DA:36,72
DA:37,73
DA:38,71
DA:39,71
BRDA:37,7,0,1
BRDA:37,7,1,71
FN:48,System.String GinjaSoft.Text.StringExtensions::Repeat(System.String,System.Int32)
FNDA:4,System.String GinjaSoft.Text.StringExtensions::Repeat(System.String,System.Int32)
DA:49,4
DA:50,5
DA:51,5
DA:53,1
DA:54,11
DA:55,1
DA:56,1
BRDA:50,7,0,1
BRDA:50,7,1,3
BRDA:51,21,0,2
BRDA:51,21,1,1
BRDA:54,64,1,3
BRDA:54,64,0,1
FN:71,System.String[] GinjaSoft.Text.StringExtensions::SplitPlus(System.String,GinjaSoft.Text.StringSplitPlusOptions)
FNDA:68,System.String[] GinjaSoft.Text.StringExtensions::SplitPlus(System.String,GinjaSoft.Text.StringSplitPlusOptions)
DA:72,68
DA:73,0
DA:74,68
DA:75,68
DA:76,66
BRDA:73,7,0,0
BRDA:73,7,1,68
FN:87,System.String GinjaSoft.Text.StringExtensions::PrefixLines(System.String,System.String)
FNDA:14,System.String GinjaSoft.Text.StringExtensions::PrefixLines(System.String,System.String)
DA:88,14
DA:89,55
DA:90,14
FN:101,System.String GinjaSoft.Text.StringExtensions::PostfixLines(System.String,System.String)
FNDA:11,System.String GinjaSoft.Text.StringExtensions::PostfixLines(System.String,System.String)
DA:102,11
DA:103,39
DA:104,11
FN:115,System.String GinjaSoft.Text.StringExtensions::ForEachLine(System.String,System.Action`2<System.Text.StringBuilder,System.String>)
FNDA:33,System.String GinjaSoft.Text.StringExtensions::ForEachLine(System.String,System.Action`2<System.Text.StringBuilder,System.String>)
DA:116,33
DA:117,33
DA:118,33
DA:120,33
DA:122,33
DA:123,360
DA:124,141
DA:125,87
DA:126,87
DA:127,87
DA:129,33
DA:130,33
BRDA:123,114,1,87
BRDA:124,75,0,54
BRDA:124,75,1,87
BRDA:123,114,0,33
FN:141,T GinjaSoft.Text.StringExtensions::ToEnum(System.String)
FNDA:2,T GinjaSoft.Text.StringExtensions::ToEnum(System.String)
DA:142,2
DA:143,2
DA:144,1
DA:145,1
FN:155,T GinjaSoft.Text.StringExtensions::ToEnum(System.String,T)
FNDA:2,T GinjaSoft.Text.StringExtensions::ToEnum(System.String,T)
DA:156,2
DA:157,2
DA:158,2
BRDA:157,10,0,1
BRDA:157,10,1,1
FN:167,System.Boolean GinjaSoft.Text.StringExtensions::TryToEnum(System.String,T&)
FNDA:2,System.Boolean GinjaSoft.Text.StringExtensions::TryToEnum(System.String,T&)
DA:168,2
DA:169,2
DA:170,2
FN:187,System.String GinjaSoft.Text.StringExtensions::RegexReplaceTokens(System.String,System.String,System.Func`2<System.String,System.String>)
FNDA:8,System.String GinjaSoft.Text.StringExtensions::RegexReplaceTokens(System.String,System.String,System.Func`2<System.String,System.String>)
DA:188,8
DA:189,8
DA:190,8
DA:191,8
DA:192,8
DA:194,64
DA:195,15
DA:197,1
DA:200,13
DA:201,14
DA:203,1
DA:206,12
DA:208,12
DA:209,12
DA:211,12
DA:212,12
DA:213,12
DA:215,12
DA:216,12
DA:218,6
DA:219,6
DA:221,6
DA:222,6
DA:223,6
BRDA:194,244,1,14
BRDA:195,75,0,1
BRDA:195,75,1,13
BRDA:201,131,0,1
BRDA:201,131,1,12
BRDA:194,244,0,6
LF:72
LH:70
BRF:24
BRH:22
FNF:11
FNH:11
end_of_record
SF:c:\home\src\github\CaptainGinja\GinjaSoft.Text\src\StringSplitPlusException.cs
FN:10,System.Void GinjaSoft.Text.StringSplitPlusException::.ctor(System.String)
FNDA:6,System.Void GinjaSoft.Text.StringSplitPlusException::.ctor(System.String)
DA:11,6
LF:1
LH:1
BRF:0
BRH:0
FNF:1
FNH:1
end_of_record
SF:c:\home\src\github\CaptainGinja\GinjaSoft.Text\src\StringSplitPlusHelper.cs
FN:63,System.String[] GinjaSoft.Text.StringSplitPlusHelper::Split()
FNDA:68,System.String[] GinjaSoft.Text.StringSplitPlusHelper::Split()
DA:64,68
DA:65,68
DA:67,408
DA:68,176
DA:69,164
DA:70,164
DA:72,66
DA:73,66
BRDA:68,47,0,238
BRDA:67,17,0,170
BRDA:68,31,0,12
BRDA:68,31,1,158
BRDA:68,47,1,164
BRDA:67,17,1,66
FN:84,GinjaSoft.Text.StringSplitPlusHelper/TokenType GinjaSoft.Text.StringSplitPlusHelper::GetNextTokenType()
FNDA:4414,GinjaSoft.Text.StringSplitPlusHelper/TokenType GinjaSoft.Text.StringSplitPlusHelper::GetNextTokenType()
DA:85,4414
DA:86,4480
DA:88,4452
DA:90,4250
DA:92,6
DA:94,1
DA:96,1
DA:98,4
DA:100,0
DA:104,4275
DA:106,37
DA:108,8
DA:109,6
DA:111,7
DA:112,5
DA:114,24
DA:116,0
DA:120,4201
DA:121,4201
DA:122,4412
BRDA:86,22,0,66
BRDA:86,22,1,4348
BRDA:88,39,0,104
BRDA:88,39,1,4244
BRDA:90,56,0,6
BRDA:92,75,1,1
BRDA:92,75,2,1
BRDA:92,75,3,4
BRDA:98,114,0,1
BRDA:98,114,1,3
BRDA:92,75,0,0
BRDA:90,56,1,4238
BRDA:104,147,0,37
BRDA:106,166,1,7
BRDA:108,195,0,1
BRDA:108,195,1,6
BRDA:106,166,2,6
BRDA:111,225,0,1
BRDA:111,225,1,5
BRDA:106,166,3,24
BRDA:114,248,0,12
BRDA:114,248,1,12
BRDA:106,166,0,0
BRDA:104,147,1,4201
FN:128,System.Boolean GinjaSoft.Text.StringSplitPlusHelper::GetNextElement(System.String&)
FNDA:238,System.Boolean GinjaSoft.Text.StringSplitPlusHelper::GetNextElement(System.String&)
DA:129,238
DA:130,238
DA:131,304
DA:133,172
DA:134,172
DA:136,8998
DA:137,4414
DA:138,4414
DA:139,8613
DA:140,4201
DA:141,4201
DA:145,211
DA:147,104
DA:148,104
DA:150,18
DA:151,18
DA:153,17
DA:154,17
DA:156,2
DA:157,2
DA:159,4
DA:160,4
DA:162,66
DA:163,66
DA:164,66
DA:166,0
DA:169,211
DA:170,217
DA:171,211
DA:172,211
DA:174,170
DA:175,170
DA:176,170
DA:177,170
DA:178,236
BRDA:131,12,0,66
BRDA:131,12,1,172
BRDA:136,281,1,4414
BRDA:139,56,0,4201
BRDA:139,56,1,211
BRDA:145,88,1,104
BRDA:145,88,2,18
BRDA:145,88,3,17
BRDA:145,88,4,2
BRDA:145,88,5,4
BRDA:145,88,7,66
BRDA:145,88,0,0
BRDA:145,88,6,0
BRDA:170,238,0,6
BRDA:170,238,1,211
BRDA:136,281,0,170
FN:185,System.Boolean GinjaSoft.Text.StringSplitPlusHelper::IsDelimiterToken()
FNDA:4348,System.Boolean GinjaSoft.Text.StringSplitPlusHelper::IsDelimiterToken()
DA:186,4348
DA:187,4348
DA:189,37795
DA:190,16448
DA:193,140
DA:195,104
DA:196,104
DA:199,4244
DA:200,4348
BRDA:189,107,1,8285
BRDA:190,57,1,122
BRDA:193,71,1,104
BRDA:190,57,0,8181
BRDA:193,71,0,8181
BRDA:189,107,0,4244
FN:206,System.Boolean GinjaSoft.Text.StringSplitPlusHelper::IsQuoteToken()
FNDA:4238,System.Boolean GinjaSoft.Text.StringSplitPlusHelper::IsQuoteToken()
DA:207,4238
DA:208,4238
DA:209,4238
DA:211,4269
DA:213,31
DA:215,31
DA:216,31
DA:219,4213
DA:221,6
DA:222,6
DA:223,6
DA:226,4201
DA:227,4201
DA:228,4238
BRDA:211,55,0,31
BRDA:215,85,0,7
BRDA:215,85,1,24
BRDA:211,55,1,4207
BRDA:219,132,0,6
BRDA:219,132,1,4201
FN:234,System.Boolean GinjaSoft.Text.StringSplitPlusHelper::IsEscapedQuoteToken()
FNDA:4244,System.Boolean GinjaSoft.Text.StringSplitPlusHelper::IsEscapedQuoteToken()
DA:235,4244
DA:236,4244
DA:237,4244
DA:239,4249
DA:241,5
DA:243,5
DA:244,5
DA:247,4240
DA:249,1
DA:250,1
DA:251,1
DA:254,4238
DA:255,4238
DA:256,4244
BRDA:239,55,0,5
BRDA:243,85,0,1
BRDA:243,85,1,4
BRDA:239,55,1,4239
BRDA:247,132,0,1
BRDA:247,132,1,4238
FN:14,System.Void GinjaSoft.Text.StringSplitPlusHelper::.ctor(System.String,GinjaSoft.Text.StringSplitPlusOptions)
FNDA:68,System.Void GinjaSoft.Text.StringSplitPlusHelper::.ctor(System.String,GinjaSoft.Text.StringSplitPlusOptions)
DA:15,68
DA:20,68
DA:52,68
DA:53,68
DA:54,68
DA:55,68
DA:56,68
LF:107
LH:104
BRF:64
BRH:60
FNF:7
FNH:7
end_of_record
SF:c:\home\src\github\CaptainGinja\GinjaSoft.Text\src\StringSplitPlusOptions.cs
FN:29,System.String[] GinjaSoft.Text.StringSplitPlusOptions::get_DelimiterList()
FNDA:4348,System.String[] GinjaSoft.Text.StringSplitPlusOptions::get_DelimiterList()
DA:30,4348
FN:30,System.String GinjaSoft.Text.StringSplitPlusOptions::get_OpenQuote()
FNDA:4238,System.String GinjaSoft.Text.StringSplitPlusOptions::get_OpenQuote()
DA:31,4238
FN:31,System.String GinjaSoft.Text.StringSplitPlusOptions::get_CloseQuote()
FNDA:4238,System.String GinjaSoft.Text.StringSplitPlusOptions::get_CloseQuote()
DA:32,4238
FN:32,System.String GinjaSoft.Text.StringSplitPlusOptions::get_EscapedOpenQuote()
FNDA:4244,System.String GinjaSoft.Text.StringSplitPlusOptions::get_EscapedOpenQuote()
DA:33,4244
FN:33,System.String GinjaSoft.Text.StringSplitPlusOptions::get_EquivalentOpenQuote()
FNDA:2,System.String GinjaSoft.Text.StringSplitPlusOptions::get_EquivalentOpenQuote()
DA:34,2
FN:34,System.String GinjaSoft.Text.StringSplitPlusOptions::get_EscapedCloseQuote()
FNDA:4244,System.String GinjaSoft.Text.StringSplitPlusOptions::get_EscapedCloseQuote()
DA:35,4244
FN:35,System.String GinjaSoft.Text.StringSplitPlusOptions::get_EquivalentCloseQuote()
FNDA:4,System.String GinjaSoft.Text.StringSplitPlusOptions::get_EquivalentCloseQuote()
DA:36,4
FN:36,System.Boolean GinjaSoft.Text.StringSplitPlusOptions::get_RemoveEmptyElements()
FNDA:170,System.Boolean GinjaSoft.Text.StringSplitPlusOptions::get_RemoveEmptyElements()
DA:37,170
FN:70,GinjaSoft.Text.StringSplitPlusOptions GinjaSoft.Text.StringSplitPlusOptions::SetRemoveEmptyElements()
FNDA:5,GinjaSoft.Text.StringSplitPlusOptions GinjaSoft.Text.StringSplitPlusOptions::SetRemoveEmptyElements()
DA:71,5
DA:72,5
DA:73,5
DA:74,5
FN:87,GinjaSoft.Text.StringSplitPlusOptions GinjaSoft.Text.StringSplitPlusOptions::SetKeepEmptyElements()
FNDA:5,GinjaSoft.Text.StringSplitPlusOptions GinjaSoft.Text.StringSplitPlusOptions::SetKeepEmptyElements()
DA:88,5
DA:89,5
DA:90,5
DA:91,5
FN:99,GinjaSoft.Text.StringSplitPlusOptions GinjaSoft.Text.StringSplitPlusOptions::SetDelimiterList(System.String[])
FNDA:35,GinjaSoft.Text.StringSplitPlusOptions GinjaSoft.Text.StringSplitPlusOptions::SetDelimiterList(System.String[])
DA:100,35
DA:101,35
DA:102,35
DA:103,35
FN:111,GinjaSoft.Text.StringSplitPlusOptions GinjaSoft.Text.StringSplitPlusOptions::SetDelimiter(System.Char)
FNDA:1,GinjaSoft.Text.StringSplitPlusOptions GinjaSoft.Text.StringSplitPlusOptions::SetDelimiter(System.Char)
DA:112,1
DA:113,1
DA:114,1
DA:115,1
FN:123,GinjaSoft.Text.StringSplitPlusOptions GinjaSoft.Text.StringSplitPlusOptions::SetDelimiter(System.String)
FNDA:31,GinjaSoft.Text.StringSplitPlusOptions GinjaSoft.Text.StringSplitPlusOptions::SetDelimiter(System.String)
DA:124,31
DA:125,32
DA:126,31
DA:128,29
DA:129,29
DA:130,29
BRDA:125,7,0,1
BRDA:125,7,1,30
BRDA:126,28,0,1
BRDA:126,28,1,29
FN:138,GinjaSoft.Text.StringSplitPlusOptions GinjaSoft.Text.StringSplitPlusOptions::SetOpenQuote(System.Char)
FNDA:1,GinjaSoft.Text.StringSplitPlusOptions GinjaSoft.Text.StringSplitPlusOptions::SetOpenQuote(System.Char)
DA:139,1
DA:140,1
DA:141,1
DA:142,1
FN:150,GinjaSoft.Text.StringSplitPlusOptions GinjaSoft.Text.StringSplitPlusOptions::SetOpenQuote(System.String)
FNDA:8,GinjaSoft.Text.StringSplitPlusOptions GinjaSoft.Text.StringSplitPlusOptions::SetOpenQuote(System.String)
DA:151,8
DA:152,9
DA:153,8
DA:155,6
DA:156,6
DA:157,6
BRDA:152,7,0,1
BRDA:152,7,1,7
BRDA:153,28,0,1
BRDA:153,28,1,6
FN:165,GinjaSoft.Text.StringSplitPlusOptions GinjaSoft.Text.StringSplitPlusOptions::SetCloseQuote(System.Char)
FNDA:1,GinjaSoft.Text.StringSplitPlusOptions GinjaSoft.Text.StringSplitPlusOptions::SetCloseQuote(System.Char)
DA:166,1
DA:167,1
DA:168,1
DA:169,1
FN:177,GinjaSoft.Text.StringSplitPlusOptions GinjaSoft.Text.StringSplitPlusOptions::SetCloseQuote(System.String)
FNDA:8,GinjaSoft.Text.StringSplitPlusOptions GinjaSoft.Text.StringSplitPlusOptions::SetCloseQuote(System.String)
DA:178,8
DA:179,9
DA:180,8
DA:182,6
DA:183,6
DA:184,6
BRDA:179,7,0,1
BRDA:179,7,1,7
BRDA:180,28,0,1
BRDA:180,28,1,6
FN:192,GinjaSoft.Text.StringSplitPlusOptions GinjaSoft.Text.StringSplitPlusOptions::SetQuote(System.Char)
FNDA:1,GinjaSoft.Text.StringSplitPlusOptions GinjaSoft.Text.StringSplitPlusOptions::SetQuote(System.Char)
DA:193,1
DA:194,1
DA:195,1
DA:196,1
FN:204,GinjaSoft.Text.StringSplitPlusOptions GinjaSoft.Text.StringSplitPlusOptions::SetQuote(System.String)
FNDA:9,GinjaSoft.Text.StringSplitPlusOptions GinjaSoft.Text.StringSplitPlusOptions::SetQuote(System.String)
DA:205,9
DA:206,10
DA:207,9
DA:209,7
DA:210,7
DA:211,7
BRDA:206,7,0,1
BRDA:206,7,1,8
BRDA:207,28,0,1
BRDA:207,28,1,7
FN:221,GinjaSoft.Text.StringSplitPlusOptions GinjaSoft.Text.StringSplitPlusOptions::SetEscapedOpenQuote(System.String,System.String)
FNDA:5,GinjaSoft.Text.StringSplitPlusOptions GinjaSoft.Text.StringSplitPlusOptions::SetEscapedOpenQuote(System.String,System.String)
DA:222,5
DA:223,6
DA:224,5
DA:225,4
DA:226,3
DA:228,1
DA:229,1
DA:230,1
DA:231,1
BRDA:223,7,0,1
BRDA:223,7,1,4
BRDA:224,26,0,1
BRDA:224,26,1,3
BRDA:225,47,0,1
BRDA:225,47,1,2
BRDA:226,68,0,1
BRDA:226,68,1,1
FN:241,GinjaSoft.Text.StringSplitPlusOptions GinjaSoft.Text.StringSplitPlusOptions::SetEscapedCloseQuote(System.String,System.String)
FNDA:5,GinjaSoft.Text.StringSplitPlusOptions GinjaSoft.Text.StringSplitPlusOptions::SetEscapedCloseQuote(System.String,System.String)
DA:242,5
DA:243,6
DA:244,5
DA:245,4
DA:246,3
DA:248,1
DA:249,1
DA:250,1
DA:251,1
BRDA:243,7,0,1
BRDA:243,7,1,4
BRDA:244,26,0,1
BRDA:244,26,1,3
BRDA:245,47,0,1
BRDA:245,47,1,2
BRDA:246,68,0,1
BRDA:246,68,1,1
FN:263,GinjaSoft.Text.StringSplitPlusOptions GinjaSoft.Text.StringSplitPlusOptions::SetEscapedQuote(System.String,System.String)
FNDA:6,GinjaSoft.Text.StringSplitPlusOptions GinjaSoft.Text.StringSplitPlusOptions::SetEscapedQuote(System.String,System.String)
DA:264,6
DA:265,7
DA:266,6
DA:267,5
DA:268,4
DA:270,2
DA:271,2
DA:272,2
DA:273,2
BRDA:265,7,0,1
BRDA:265,7,1,5
BRDA:266,26,0,1
BRDA:266,26,1,4
BRDA:267,47,0,1
BRDA:267,47,1,3
BRDA:268,68,0,1
BRDA:268,68,1,2
FN:15,System.Void GinjaSoft.Text.StringSplitPlusOptions::.ctor()
FNDA:88,System.Void GinjaSoft.Text.StringSplitPlusOptions::.ctor()
DA:16,88
DA:17,88
DA:18,88
DA:19,88
DA:20,88
DA:21,88
DA:22,88
DA:53,264
LF:95
LH:95
BRF:40
BRH:40
FNF:23
FNH:23
end_of_record
SF:c:\home\src\github\CaptainGinja\GinjaSoft.Text\src\StringTableBuilder.cs
FN:52,GinjaSoft.Text.StringTableBuilder/Column GinjaSoft.Text.StringTableBuilder::AddColumn(System.String)
FNDA:72,GinjaSoft.Text.StringTableBuilder/Column GinjaSoft.Text.StringTableBuilder::AddColumn(System.String)
DA:53,72
DA:54,72
DA:55,72
DA:56,72
DA:57,72
DA:58,72
FN:60,GinjaSoft.Text.StringTableBuilder/Row GinjaSoft.Text.StringTableBuilder::AddRow()
FNDA:71,GinjaSoft.Text.StringTableBuilder/Row GinjaSoft.Text.StringTableBuilder::AddRow()
DA:61,71
DA:62,71
DA:63,71
DA:64,71
DA:65,71
FN:67,GinjaSoft.Text.StringTableBuilder/Row GinjaSoft.Text.StringTableBuilder::AddEmptyRow()
FNDA:1,GinjaSoft.Text.StringTableBuilder/Row GinjaSoft.Text.StringTableBuilder::AddEmptyRow()
DA:68,1
DA:69,1
DA:70,12
DA:71,1
DA:72,1
DA:73,1
BRDA:70,56,1,3
BRDA:70,56,0,1
FN:75,GinjaSoft.Text.StringTableBuilder GinjaSoft.Text.StringTableBuilder::SetCellPadding(System.Int32)
FNDA:4,GinjaSoft.Text.StringTableBuilder GinjaSoft.Text.StringTableBuilder::SetCellPadding(System.Int32)
DA:76,4
DA:77,4
DA:78,4
DA:79,4
FN:81,GinjaSoft.Text.StringTableBuilder GinjaSoft.Text.StringTableBuilder::SetInnerCellPadding(System.Int32)
FNDA:4,GinjaSoft.Text.StringTableBuilder GinjaSoft.Text.StringTableBuilder::SetInnerCellPadding(System.Int32)
DA:82,4
DA:83,4
DA:84,4
DA:85,4
FN:87,GinjaSoft.Text.StringTableBuilder GinjaSoft.Text.StringTableBuilder::SetCellRowPadding(System.Int32)
FNDA:1,GinjaSoft.Text.StringTableBuilder GinjaSoft.Text.StringTableBuilder::SetCellRowPadding(System.Int32)
DA:88,1
DA:89,1
DA:90,1
DA:91,1
FN:93,GinjaSoft.Text.StringTableBuilder GinjaSoft.Text.StringTableBuilder::SetCellColumnPadding(System.Int32)
FNDA:1,GinjaSoft.Text.StringTableBuilder GinjaSoft.Text.StringTableBuilder::SetCellColumnPadding(System.Int32)
DA:94,1
DA:95,1
DA:96,1
DA:97,1
FN:99,GinjaSoft.Text.StringTableBuilder GinjaSoft.Text.StringTableBuilder::SetInnerCellRowPadding(System.Int32)
FNDA:2,GinjaSoft.Text.StringTableBuilder GinjaSoft.Text.StringTableBuilder::SetInnerCellRowPadding(System.Int32)
DA:100,2
DA:101,2
DA:102,2
DA:103,2
FN:105,GinjaSoft.Text.StringTableBuilder GinjaSoft.Text.StringTableBuilder::SetInnerCellColumnPadding(System.Int32)
FNDA:8,GinjaSoft.Text.StringTableBuilder GinjaSoft.Text.StringTableBuilder::SetInnerCellColumnPadding(System.Int32)
DA:106,8
DA:107,8
DA:108,8
DA:109,8
FN:111,GinjaSoft.Text.StringTableBuilder GinjaSoft.Text.StringTableBuilder::SetDrawBorders(System.Boolean)
FNDA:3,GinjaSoft.Text.StringTableBuilder GinjaSoft.Text.StringTableBuilder::SetDrawBorders(System.Boolean)
DA:112,3
DA:113,3
DA:114,3
DA:115,3
FN:117,System.String GinjaSoft.Text.StringTableBuilder::ToString()
FNDA:25,System.String GinjaSoft.Text.StringTableBuilder::ToString()
DA:118,25
DA:119,26
DA:121,24
DA:122,24
DA:124,24
DA:125,288
DA:126,120
DA:127,72
DA:128,72
DA:129,72
DA:131,24
DA:133,24
DA:134,24
DA:135,24
DA:136,25
BRDA:119,12,0,24
BRDA:119,12,1,1
BRDA:119,33,0,1
BRDA:119,33,1,24
BRDA:125,131,1,72
BRDA:126,97,0,48
BRDA:126,97,1,72
BRDA:125,131,0,24
FN:143,System.Void GinjaSoft.Text.StringTableBuilder::DrawTopBorderAndCellPadding(System.Text.StringBuilder)
FNDA:24,System.Void GinjaSoft.Text.StringTableBuilder::DrawTopBorderAndCellPadding(System.Text.StringBuilder)
DA:144,24
DA:145,24
DA:146,3
DA:147,60
DA:148,6
DA:149,24
BRDA:145,9,0,3
BRDA:145,9,1,24
BRDA:147,46,1,6
BRDA:147,46,0,24
FN:151,System.Void GinjaSoft.Text.StringTableBuilder::DrawBottomBorderAndCellPadding(System.Text.StringBuilder)
FNDA:24,System.Void GinjaSoft.Text.StringTableBuilder::DrawBottomBorderAndCellPadding(System.Text.StringBuilder)
DA:152,24
DA:153,60
DA:154,6
DA:155,24
DA:156,3
DA:157,24
BRDA:153,28,1,6
BRDA:153,28,0,24
BRDA:155,38,0,3
BRDA:155,38,1,24
FN:159,System.Void GinjaSoft.Text.StringTableBuilder::DrawInnerBorderAndCellPadding(System.Text.StringBuilder)
FNDA:48,System.Void GinjaSoft.Text.StringTableBuilder::DrawInnerBorderAndCellPadding(System.Text.StringBuilder)
DA:160,48
DA:161,152
DA:162,28
DA:163,90
DA:164,6
DA:165,20
DA:166,4
DA:167,48
BRDA:161,35,1,28
BRDA:161,35,0,48
BRDA:163,48,1,6
BRDA:165,96,1,4
BRDA:163,48,0,48
BRDA:165,96,0,48
FN:169,System.Void GinjaSoft.Text.StringTableBuilder::DrawBorderRow(System.Text.StringBuilder)
FNDA:12,System.Void GinjaSoft.Text.StringTableBuilder::DrawBorderRow(System.Text.StringBuilder)
DA:170,12
DA:171,12
DA:172,12
FN:174,System.Void GinjaSoft.Text.StringTableBuilder::DrawPaddingRow(System.Text.StringBuilder)
FNDA:44,System.Void GinjaSoft.Text.StringTableBuilder::DrawPaddingRow(System.Text.StringBuilder)
DA:175,44
DA:176,44
DA:177,44
FN:179,System.Void GinjaSoft.Text.StringTableBuilder::DrawRow(System.Text.StringBuilder,System.Char,System.Char,GinjaSoft.Text.StringTableBuilder/Row)
FNDA:128,System.Void GinjaSoft.Text.StringTableBuilder::DrawRow(System.Text.StringBuilder,System.Char,System.Char,GinjaSoft.Text.StringTableBuilder/Row)
DA:180,128
DA:181,128
DA:183,128
DA:184,368
DA:185,112
DA:187,56
DA:189,128
DA:190,128
BRDA:183,14,0,72
BRDA:184,49,1,112
BRDA:183,14,1,56
BRDA:184,49,0,128
FN:192,System.Void GinjaSoft.Text.StringTableBuilder::DrawRowLine(System.Text.StringBuilder,System.Char,System.Char,GinjaSoft.Text.StringTableBuilder/Row,System.Int32)
FNDA:168,System.Void GinjaSoft.Text.StringTableBuilder::DrawRowLine(System.Text.StringBuilder,System.Char,System.Char,GinjaSoft.Text.StringTableBuilder/Row,System.Int32)
DA:193,168
DA:194,168
DA:195,168
DA:197,199
DA:198,168
DA:199,168
DA:200,2016
DA:201,840
DA:202,336
DA:203,336
DA:204,62
DA:205,336
DA:207,840
DA:208,336
DA:209,336
DA:210,336
DA:212,336
DA:213,336
DA:215,336
DA:216,336
DA:218,336
DA:219,336
DA:221,168
DA:223,504
DA:224,504
DA:226,168
DA:227,199
DA:229,168
DA:230,168
BRDA:197,35,0,31
BRDA:197,35,1,168
BRDA:200,360,1,504
BRDA:201,92,0,336
BRDA:203,119,0,62
BRDA:203,119,1,336
BRDA:201,92,1,504
BRDA:207,151,0,336
BRDA:213,211,0,0
BRDA:213,211,1,336
BRDA:215,237,0,52
BRDA:215,237,1,284
BRDA:218,293,0,336
BRDA:218,301,0,256
BRDA:218,293,1,80
BRDA:218,301,1,80
BRDA:207,151,1,168
BRDA:200,360,0,168
BRDA:227,400,0,31
BRDA:227,400,1,168
FN:232,GinjaSoft.Text.StringTableBuilder/HAlign GinjaSoft.Text.StringTableBuilder::GetCellHAlignment(GinjaSoft.Text.StringTableBuilder/Cell,GinjaSoft.Text.StringTableBuilder/Row,GinjaSoft.Text.StringTableBuilder/Column)
FNDA:336,GinjaSoft.Text.StringTableBuilder/HAlign GinjaSoft.Text.StringTableBuilder::GetCellHAlignment(GinjaSoft.Text.StringTableBuilder/Cell,GinjaSoft.Text.StringTableBuilder/Row,GinjaSoft.Text.StringTableBuilder/Column)
DA:233,336
DA:234,336
DA:235,668
DA:236,591
DA:237,531
DA:238,336
DA:239,336
BRDA:235,14,0,332
BRDA:235,14,1,336
BRDA:236,29,0,255
BRDA:236,29,1,336
BRDA:237,44,0,195
BRDA:237,44,1,336
FN:241,GinjaSoft.Text.StringTableBuilder/VAlign GinjaSoft.Text.StringTableBuilder::GetCellVAlignment(GinjaSoft.Text.StringTableBuilder/Cell,GinjaSoft.Text.StringTableBuilder/Row,GinjaSoft.Text.StringTableBuilder/Column)
FNDA:336,GinjaSoft.Text.StringTableBuilder/VAlign GinjaSoft.Text.StringTableBuilder::GetCellVAlignment(GinjaSoft.Text.StringTableBuilder/Cell,GinjaSoft.Text.StringTableBuilder/Row,GinjaSoft.Text.StringTableBuilder/Column)
DA:242,336
DA:243,336
DA:244,672
DA:245,672
DA:246,672
DA:247,336
DA:248,336
BRDA:244,14,0,336
BRDA:244,14,1,336
BRDA:245,29,0,336
BRDA:245,29,1,336
BRDA:246,44,0,336
BRDA:246,44,1,336
FN:12,System.Void GinjaSoft.Text.StringTableBuilder::.ctor()
FNDA:25,System.Void GinjaSoft.Text.StringTableBuilder::.ctor()
DA:13,25
DA:14,25
DA:15,25
DA:38,25
DA:39,25
DA:40,25
DA:41,25
DA:42,25
DA:43,25
DA:44,25
DA:45,25
LF:148
LH:148
BRF:60
BRH:59
FNF:21
FNH:21
end_of_record
SF:c:\home\src\github\CaptainGinja\GinjaSoft.Text\src\StringTableBuilder.Cell.cs
FN:35,System.String GinjaSoft.Text.StringTableBuilder/Cell::get_Value()
FNDA:0,System.String GinjaSoft.Text.StringTableBuilder/Cell::get_Value()
DA:36,0
FN:36,System.String[] GinjaSoft.Text.StringTableBuilder/Cell::get_Lines()
FNDA:336,System.String[] GinjaSoft.Text.StringTableBuilder/Cell::get_Lines()
DA:37,336
FN:37,GinjaSoft.Text.StringTableBuilder/HAlign GinjaSoft.Text.StringTableBuilder/Cell::get_HAlign()
FNDA:336,GinjaSoft.Text.StringTableBuilder/HAlign GinjaSoft.Text.StringTableBuilder/Cell::get_HAlign()
DA:38,336
FN:38,GinjaSoft.Text.StringTableBuilder/VAlign GinjaSoft.Text.StringTableBuilder/Cell::get_VAlign()
FNDA:336,GinjaSoft.Text.StringTableBuilder/VAlign GinjaSoft.Text.StringTableBuilder/Cell::get_VAlign()
DA:39,336
FN:46,GinjaSoft.Text.StringTableBuilder/Cell GinjaSoft.Text.StringTableBuilder/Cell::SetHAlignLeft()
FNDA:0,GinjaSoft.Text.StringTableBuilder/Cell GinjaSoft.Text.StringTableBuilder/Cell::SetHAlignLeft()
DA:47,0
FN:47,GinjaSoft.Text.StringTableBuilder/Cell GinjaSoft.Text.StringTableBuilder/Cell::SetHAlignRight()
FNDA:3,GinjaSoft.Text.StringTableBuilder/Cell GinjaSoft.Text.StringTableBuilder/Cell::SetHAlignRight()
DA:48,3
FN:48,GinjaSoft.Text.StringTableBuilder/Cell GinjaSoft.Text.StringTableBuilder/Cell::SetVAlignTop()
FNDA:0,GinjaSoft.Text.StringTableBuilder/Cell GinjaSoft.Text.StringTableBuilder/Cell::SetVAlignTop()
DA:49,0
FN:49,GinjaSoft.Text.StringTableBuilder/Cell GinjaSoft.Text.StringTableBuilder/Cell::SetVAlignBottom()
FNDA:0,GinjaSoft.Text.StringTableBuilder/Cell GinjaSoft.Text.StringTableBuilder/Cell::SetVAlignBottom()
DA:50,0
FN:57,GinjaSoft.Text.StringTableBuilder/Cell GinjaSoft.Text.StringTableBuilder/Cell::SetHAlign(GinjaSoft.Text.StringTableBuilder/HAlign)
FNDA:4,GinjaSoft.Text.StringTableBuilder/Cell GinjaSoft.Text.StringTableBuilder/Cell::SetHAlign(GinjaSoft.Text.StringTableBuilder/HAlign)
DA:58,4
FN:58,GinjaSoft.Text.StringTableBuilder/Cell GinjaSoft.Text.StringTableBuilder/Cell::SetVAlign(GinjaSoft.Text.StringTableBuilder/VAlign)
FNDA:0,GinjaSoft.Text.StringTableBuilder/Cell GinjaSoft.Text.StringTableBuilder/Cell::SetVAlign(GinjaSoft.Text.StringTableBuilder/VAlign)
DA:59,0
FN:24,System.Void GinjaSoft.Text.StringTableBuilder/Cell::.ctor(System.String[])
FNDA:216,System.Void GinjaSoft.Text.StringTableBuilder/Cell::.ctor(System.String[])
DA:25,216
DA:26,216
DA:27,216
DA:28,216
DA:29,216
DA:30,216
LF:16
LH:11
BRF:0
BRH:0
FNF:11
FNH:6
end_of_record
SF:c:\home\src\github\CaptainGinja\GinjaSoft.Text\src\StringTableBuilder.Column.cs
FN:33,System.String GinjaSoft.Text.StringTableBuilder/Column::get_Name()
FNDA:339,System.String GinjaSoft.Text.StringTableBuilder/Column::get_Name()
DA:34,339
FN:34,GinjaSoft.Text.StringTableBuilder/HAlign GinjaSoft.Text.StringTableBuilder/Column::get_HAlign()
FNDA:255,GinjaSoft.Text.StringTableBuilder/HAlign GinjaSoft.Text.StringTableBuilder/Column::get_HAlign()
DA:35,255
FN:35,GinjaSoft.Text.StringTableBuilder/VAlign GinjaSoft.Text.StringTableBuilder/Column::get_VAlign()
FNDA:336,GinjaSoft.Text.StringTableBuilder/VAlign GinjaSoft.Text.StringTableBuilder/Column::get_VAlign()
DA:36,336
FN:40,GinjaSoft.Text.StringTableBuilder/Column GinjaSoft.Text.StringTableBuilder/Column::SetHAlignLeft()
FNDA:9,GinjaSoft.Text.StringTableBuilder/Column GinjaSoft.Text.StringTableBuilder/Column::SetHAlignLeft()
DA:41,9
FN:41,GinjaSoft.Text.StringTableBuilder/Column GinjaSoft.Text.StringTableBuilder/Column::SetHAlignRight()
FNDA:18,GinjaSoft.Text.StringTableBuilder/Column GinjaSoft.Text.StringTableBuilder/Column::SetHAlignRight()
DA:42,18
FN:42,GinjaSoft.Text.StringTableBuilder/Column GinjaSoft.Text.StringTableBuilder/Column::SetVAlignTop()
FNDA:0,GinjaSoft.Text.StringTableBuilder/Column GinjaSoft.Text.StringTableBuilder/Column::SetVAlignTop()
DA:43,0
FN:43,GinjaSoft.Text.StringTableBuilder/Column GinjaSoft.Text.StringTableBuilder/Column::SetVAlignBottom()
FNDA:0,GinjaSoft.Text.StringTableBuilder/Column GinjaSoft.Text.StringTableBuilder/Column::SetVAlignBottom()
DA:44,0
FN:49,System.Int32 GinjaSoft.Text.StringTableBuilder/Column::get_MaxWidth()
FNDA:1016,System.Int32 GinjaSoft.Text.StringTableBuilder/Column::get_MaxWidth()
DA:50,1016
FN:55,GinjaSoft.Text.StringTableBuilder/Column GinjaSoft.Text.StringTableBuilder/Column::SetHAlign(GinjaSoft.Text.StringTableBuilder/HAlign)
FNDA:36,GinjaSoft.Text.StringTableBuilder/Column GinjaSoft.Text.StringTableBuilder/Column::SetHAlign(GinjaSoft.Text.StringTableBuilder/HAlign)
DA:56,36
FN:56,GinjaSoft.Text.StringTableBuilder/Column GinjaSoft.Text.StringTableBuilder/Column::SetVAlign(GinjaSoft.Text.StringTableBuilder/VAlign)
FNDA:0,GinjaSoft.Text.StringTableBuilder/Column GinjaSoft.Text.StringTableBuilder/Column::SetVAlign(GinjaSoft.Text.StringTableBuilder/VAlign)
DA:57,0
FN:22,System.Void GinjaSoft.Text.StringTableBuilder/Column::.ctor(System.String)
FNDA:72,System.Void GinjaSoft.Text.StringTableBuilder/Column::.ctor(System.String)
DA:23,72
DA:24,72
DA:25,72
DA:26,72
DA:27,72
DA:28,72
DA:29,72
LF:17
LH:14
BRF:0
BRH:0
FNF:11
FNH:8
end_of_record
SF:c:\home\src\github\CaptainGinja\GinjaSoft.Text\src\StringTableBuilder.Row.cs
FN:40,GinjaSoft.Text.StringTableBuilder/HAlign GinjaSoft.Text.StringTableBuilder/Row::get_HAlign()
FNDA:332,GinjaSoft.Text.StringTableBuilder/HAlign GinjaSoft.Text.StringTableBuilder/Row::get_HAlign()
DA:41,332
FN:41,GinjaSoft.Text.StringTableBuilder/VAlign GinjaSoft.Text.StringTableBuilder/Row::get_VAlign()
FNDA:336,GinjaSoft.Text.StringTableBuilder/VAlign GinjaSoft.Text.StringTableBuilder/Row::get_VAlign()
DA:42,336
FN:48,GinjaSoft.Text.StringTableBuilder/Row GinjaSoft.Text.StringTableBuilder/Row::SetHAlignLeft()
FNDA:51,GinjaSoft.Text.StringTableBuilder/Row GinjaSoft.Text.StringTableBuilder/Row::SetHAlignLeft()
DA:49,51
FN:49,GinjaSoft.Text.StringTableBuilder/Row GinjaSoft.Text.StringTableBuilder/Row::SetHAlignRight()
FNDA:3,GinjaSoft.Text.StringTableBuilder/Row GinjaSoft.Text.StringTableBuilder/Row::SetHAlignRight()
DA:50,3
FN:50,GinjaSoft.Text.StringTableBuilder/Row GinjaSoft.Text.StringTableBuilder/Row::SetVAlignTop()
FNDA:0,GinjaSoft.Text.StringTableBuilder/Row GinjaSoft.Text.StringTableBuilder/Row::SetVAlignTop()
DA:51,0
FN:51,GinjaSoft.Text.StringTableBuilder/Row GinjaSoft.Text.StringTableBuilder/Row::SetVAlignBottom()
FNDA:0,GinjaSoft.Text.StringTableBuilder/Row GinjaSoft.Text.StringTableBuilder/Row::SetVAlignBottom()
DA:52,0
FN:54,GinjaSoft.Text.StringTableBuilder/Cell GinjaSoft.Text.StringTableBuilder/Row::SetCell(System.String,System.String)
FNDA:216,GinjaSoft.Text.StringTableBuilder/Cell GinjaSoft.Text.StringTableBuilder/Row::SetCell(System.String,System.String)
DA:55,216
DA:56,216
DA:57,216
DA:58,216
DA:59,1160
DA:60,256
DA:61,216
DA:62,216
DA:63,216
DA:64,216
BRDA:59,122,1,256
BRDA:59,122,0,216
FN:69,System.Int32 GinjaSoft.Text.StringTableBuilder/Row::get_MaxHeight()
FNDA:400,System.Int32 GinjaSoft.Text.StringTableBuilder/Row::get_MaxHeight()
DA:70,400
FN:76,GinjaSoft.Text.StringTableBuilder/Cell GinjaSoft.Text.StringTableBuilder/Row::GetCell(System.String)
FNDA:336,GinjaSoft.Text.StringTableBuilder/Cell GinjaSoft.Text.StringTableBuilder/Row::GetCell(System.String)
DA:77,336
DA:78,336
DA:79,336
FN:84,GinjaSoft.Text.StringTableBuilder/Row GinjaSoft.Text.StringTableBuilder/Row::SetHAlign(GinjaSoft.Text.StringTableBuilder/HAlign)
FNDA:72,GinjaSoft.Text.StringTableBuilder/Row GinjaSoft.Text.StringTableBuilder/Row::SetHAlign(GinjaSoft.Text.StringTableBuilder/HAlign)
DA:85,72
FN:85,GinjaSoft.Text.StringTableBuilder/Row GinjaSoft.Text.StringTableBuilder/Row::SetVAlign(GinjaSoft.Text.StringTableBuilder/VAlign)
FNDA:0,GinjaSoft.Text.StringTableBuilder/Row GinjaSoft.Text.StringTableBuilder/Row::SetVAlign(GinjaSoft.Text.StringTableBuilder/VAlign)
DA:86,0
FN:13,System.Void GinjaSoft.Text.StringTableBuilder/Row::.ctor(GinjaSoft.Text.StringTableBuilder)
FNDA:72,System.Void GinjaSoft.Text.StringTableBuilder/Row::.ctor(GinjaSoft.Text.StringTableBuilder)
DA:14,72
DA:30,72
DA:31,72
DA:32,72
DA:33,72
DA:34,72
DA:35,72
DA:36,72
LF:30
LH:27
BRF:2
BRH:2
FNF:12
FNH:9
end_of_record